c:\users\sebastian\source\repos\dv1542_project\dv1542_project\debug\vc141.pdb
c:\users\sebastian\source\repos\dv1542_project\dv1542_project\debug\vc141.idb
c:\users\sebastian\source\repos\dv1542_project\dv1542_project\debug\windowhelper.obj
c:\users\sebastian\source\repos\dv1542_project\dv1542_project\debug\windowhandler.obj
c:\users\sebastian\source\repos\dv1542_project\dv1542_project\debug\d3dhandler.obj
c:\users\sebastian\source\repos\dv1542_project\dv1542_project\debug\main.obj
c:\users\sebastian\source\repos\dv1542_project\dv1542_project\debug\system.obj
c:\users\sebastian\source\repos\dv1542_project\dv1542_project\debug\pipelinehandler.obj
c:\users\sebastian\source\repos\dv1542_project\debug\pixelshader.cso
c:\users\sebastian\source\repos\dv1542_project\debug\vertexshader.cso
c:\users\sebastian\source\repos\dv1542_project\debug\dv1542_project.exe
c:\users\sebastian\source\repos\dv1542_project\debug\dv1542_project.ilk
c:\users\sebastian\source\repos\dv1542_project\debug\dv1542_project.pdb
c:\users\sebastian\source\repos\dv1542_project\dv1542_project\debug\dv1542_project.tlog\cl.command.1.tlog
c:\users\sebastian\source\repos\dv1542_project\dv1542_project\debug\dv1542_project.tlog\cl.read.1.tlog
c:\users\sebastian\source\repos\dv1542_project\dv1542_project\debug\dv1542_project.tlog\cl.write.1.tlog
c:\users\sebastian\source\repos\dv1542_project\dv1542_project\debug\dv1542_project.tlog\fxc.command.1.tlog
c:\users\sebastian\source\repos\dv1542_project\dv1542_project\debug\dv1542_project.tlog\fxc.read.1.tlog
c:\users\sebastian\source\repos\dv1542_project\dv1542_project\debug\dv1542_project.tlog\fxc.write.1.tlog
c:\users\sebastian\source\repos\dv1542_project\dv1542_project\debug\dv1542_project.tlog\link.command.1.tlog
c:\users\sebastian\source\repos\dv1542_project\dv1542_project\debug\dv1542_project.tlog\link.read.1.tlog
c:\users\sebastian\source\repos\dv1542_project\dv1542_project\debug\dv1542_project.tlog\link.write.1.tlog
